Using pre-set license
Built from '2020.3/staging' branch; Version is '2020.3.11f1 (99c7afb366b3) revision 10078127'; Using compiler version '192528614'; Build Type 'Release'
OS: 'Windows 10 Pro; OS build 19043.1526; Version 2009; 64bit' Language: 'en' Physical Memory: 8004 MB
BatchMode: 1, IsHumanControllingUs: 0, StartBugReporterOnCrash: 0, Is64bit: 1, IsPro: 0

 COMMAND LINE ARGUMENTS:
E:\GAME CARFEER\UNITYGAMING\2020.3.11f1\Editor\Unity.exe
-adb2
-batchMode
-noUpm
-name
AssetImportWorker3
-projectPath
D:/OUTSCAL/Fork source folder/Chest-Unlocking-System/Chest System
-logFile
Logs/AssetImportWorker3.log
-srvPort
58137
Successfully changed project path to: D:/OUTSCAL/Fork source folder/Chest-Unlocking-System/Chest System
D:/OUTSCAL/Fork source folder/Chest-Unlocking-System/Chest System
Using Asset Import Pipeline V2.
Refreshing native plugins compatible for Editor in 641.15 ms, found 3 plugins.
Preloading 0 native plugins for Editor in 0.00 ms.
Initialize engine version: 2020.3.11f1 (99c7afb366b3)
[Subsystems] Discovering subsystems at path E:/GAME CARFEER/UNITYGAMING/2020.3.11f1/Editor/Data/Resources/UnitySubsystems
[Subsystems] Discovering subsystems at path D:/OUTSCAL/Fork source folder/Chest-Unlocking-System/Chest System/Assets
GfxDevice: creating device client; threaded=0
Direct3D:
    Version:  Direct3D 11.0 [level 11.1]
    Renderer: Intel(R) UHD Graphics 620 (ID=0x3ea0)
    Vendor:   
    VRAM:     4002 MB
    Driver:   27.20.100.9664
Initialize mono
Mono path[0] = 'E:/GAME CARFEER/UNITYGAMING/2020.3.11f1/Editor/Data/Managed'
Mono path[1] = 'E:/GAME CARFEER/UNITYGAMING/2020.3.11f1/Editor/Data/MonoBleedingEdge/lib/mono/unityjit'
Mono config path = 'E:/GAME CARFEER/UNITYGAMING/2020.3.11f1/Editor/Data/MonoBleedingEdge/etc'
Using monoOptions --debugger-agent=transport=dt_socket,embedding=1,server=y,suspend=n,address=127.0.0.1:56808
Begin MonoManager ReloadAssembly
Registering precompiled unity dll's ...
Register platform support module: E:/GAME CARFEER/UNITYGAMING/2020.3.11f1/Editor/Data/PlaybackEngines/WebGLSupport/UnityEditor.WebGL.Extensions.dll
Register platform support module: E:/GAME CARFEER/UNITYGAMING/2020.3.11f1/Editor/Data/PlaybackEngines/WindowsStandaloneSupport/UnityEditor.WindowsStandalone.Extensions.dll
Registered in 0.002573 seconds.
Native extension for WindowsStandalone target not found
Native extension for WebGL target not found
Refreshing native plugins compatible for Editor in 75.63 ms, found 3 plugins.
Preloading 0 native plugins for Editor in 0.00 ms.
Mono: successfully reloaded assembly
- Completed reload, in  6.799 seconds
Platform modules already initialized, skipping
Registering precompiled user dll's ...
Registered in 0.020756 seconds.
Begin MonoManager ReloadAssembly
Native extension for WindowsStandalone target not found
Native extension for WebGL target not found
Refreshing native plugins compatible for Editor in 66.08 ms, found 3 plugins.
Preloading 0 native plugins for Editor in 0.00 ms.
Mono: successfully reloaded assembly
- Completed reload, in  2.828 seconds
Platform modules already initialized, skipping
========================================================================
Worker process is ready to serve import requests
Launched and connected shader compiler UnityShaderCompiler.exe after 0.52 seconds
Refreshing native plugins compatible for Editor in 0.94 ms, found 3 plugins.
Preloading 0 native plugins for Editor in 0.00 ms.
Unloading 2112 Unused Serialized files (Serialized files now loaded: 0)
System memory in use before: 95.6 MB.
System memory in use after: 95.6 MB.

Unloading 33 unused Assets to reduce memory usage. Loaded Objects now: 2547.
Total: 8.422000 ms (FindLiveObjects: 0.453200 ms CreateObjectMapping: 0.207000 ms MarkObjects: 7.075000 ms  DeleteObjects: 0.683600 ms)

========================================================================
Received Import Request.
  path: Assets/Scripts/ChestMVC/ChestController.cs
  artifactKey: Guid(14eda381ef0c93844adaf3aac146f109) Importer(815301076,1909f56bfc062723c751e8b465ee728b)
Start importing Assets/Scripts/ChestMVC/ChestController.cs using Guid(14eda381ef0c93844adaf3aac146f109) Importer(815301076,1909f56bfc062723c751e8b465ee728b)  -> (artifact id: '2258c3fbb91230e5b6801dedd27d94c9') in 0.058604 seconds
  Import took 0.067175 seconds .

========================================================================
Received Import Request.
  Time since last request: 1617.264994 seconds.
  path: Assets/Scripts/ChestMVC/ChestController.cs
  artifactKey: Guid(14eda381ef0c93844adaf3aac146f109) Importer(815301076,1909f56bfc062723c751e8b465ee728b)
Start importing Assets/Scripts/ChestMVC/ChestController.cs using Guid(14eda381ef0c93844adaf3aac146f109) Importer(815301076,1909f56bfc062723c751e8b465ee728b)  -> (artifact id: '00000000000000000000000000000000') in 0.010598 seconds
  ERROR: Build asset version error: assets/scripts/chestmvc/chestcontroller.cs in SourceAssetDB has modification time of '2022-02-23T10:20:50.2380371Z' while content on disk has modification time of '2022-02-23T10:20:50.4510374Z'
  Import took 0.019606 seconds .

========================================================================
Received Import Request.
  Time since last request: 0.046989 seconds.
  path: Assets/Scripts/ChestMVC/ChestController.cs
  artifactKey: Guid(14eda381ef0c93844adaf3aac146f109) Importer(815301076,1909f56bfc062723c751e8b465ee728b)
Start importing Assets/Scripts/ChestMVC/ChestController.cs using Guid(14eda381ef0c93844adaf3aac146f109) Importer(815301076,1909f56bfc062723c751e8b465ee728b)  -> (artifact id: '00000000000000000000000000000000') in 0.000562 seconds
  ERROR: Build asset version error: assets/scripts/chestmvc/chestcontroller.cs in SourceAssetDB has modification time of '2022-02-23T10:20:50.2380371Z' while content on disk has modification time of '2022-02-23T10:20:50.4510374Z'
  Import took 0.020449 seconds .

========================================================================
Received Import Request.
  Time since last request: 0.133624 seconds.
  path: Assets/Scripts/ChestMVC/ChestController.cs
  artifactKey: Guid(14eda381ef0c93844adaf3aac146f109) Importer(815301076,1909f56bfc062723c751e8b465ee728b)
Start importing Assets/Scripts/ChestMVC/ChestController.cs using Guid(14eda381ef0c93844adaf3aac146f109) Importer(815301076,1909f56bfc062723c751e8b465ee728b)  -> (artifact id: '43ad8d0b34533c1e4efe2795bce63dc0') in 0.042332 seconds
  Import took 0.153828 seconds .

========================================================================
Received Prepare
Registering precompiled user dll's ...
Registered in 0.008797 seconds.
Begin MonoManager ReloadAssembly
Native extension for WindowsStandalone target not found
Native extension for WebGL target not found
Refreshing native plugins compatible for Editor in 1.13 ms, found 3 plugins.
Preloading 0 native plugins for Editor in 0.00 ms.
Mono: successfully reloaded assembly
- Completed reload, in  2.416 seconds
Platform modules already initialized, skipping
Refreshing native plugins compatible for Editor in 1.14 ms, found 3 plugins.
Preloading 0 native plugins for Editor in 0.00 ms.
Unloading 2094 Unused Serialized files (Serialized files now loaded: 0)
System memory in use before: 94.3 MB.
System memory in use after: 94.3 MB.

Unloading 21 unused Assets to reduce memory usage. Loaded Objects now: 2551.
Total: 5.673900 ms (FindLiveObjects: 0.350400 ms CreateObjectMapping: 0.179300 ms MarkObjects: 4.921600 ms  DeleteObjects: 0.220200 ms)

========================================================================
Received Prepare
Registering precompiled user dll's ...
Registered in 0.018793 seconds.
Begin MonoManager ReloadAssembly
Native extension for WindowsStandalone target not found
Native extension for WebGL target not found
Refreshing native plugins compatible for Editor in 1.22 ms, found 3 plugins.
Preloading 0 native plugins for Editor in 0.00 ms.
Mono: successfully reloaded assembly
- Completed reload, in  4.703 seconds
Platform modules already initialized, skipping
Refreshing native plugins compatible for Editor in 0.98 ms, found 3 plugins.
Preloading 0 native plugins for Editor in 0.00 ms.
Unloading 2094 Unused Serialized files (Serialized files now loaded: 0)
System memory in use before: 94.3 MB.
System memory in use after: 94.3 MB.

Unloading 21 unused Assets to reduce memory usage. Loaded Objects now: 2555.
Total: 5.439800 ms (FindLiveObjects: 0.485500 ms CreateObjectMapping: 0.290200 ms MarkObjects: 4.411900 ms  DeleteObjects: 0.249600 ms)

AssetImportWorkerClient::OnTransportError - code=2 error=End of file
